mode: count
github.com/mchekalov/auth/cmd/client/main.go:15.13,17.16 2 0
github.com/mchekalov/auth/cmd/client/main.go:17.16,19.3 1 0
github.com/mchekalov/auth/cmd/client/main.go:20.2,20.15 1 0
github.com/mchekalov/auth/cmd/client/main.go:20.15,21.37 1 0
github.com/mchekalov/auth/cmd/client/main.go:21.37,23.4 1 0
github.com/mchekalov/auth/cmd/client/main.go:26.2,31.16 5 0
github.com/mchekalov/auth/cmd/client/main.go:31.16,33.3 1 0
github.com/mchekalov/auth/cmd/client/main.go:35.2,35.39 1 0
github.com/mchekalov/auth/internal/api/create.go:15.113,17.16 2 0
github.com/mchekalov/auth/internal/api/create.go:17.16,20.3 1 0
github.com/mchekalov/auth/internal/api/create.go:22.2,22.47 1 0
github.com/mchekalov/auth/internal/api/delete.go:15.107,17.16 2 0
github.com/mchekalov/auth/internal/api/delete.go:17.16,19.3 1 0
github.com/mchekalov/auth/internal/api/delete.go:21.2,21.30 1 0
github.com/mchekalov/auth/internal/api/get.go:15.104,17.16 2 0
github.com/mchekalov/auth/internal/api/get.go:17.16,19.3 1 0
github.com/mchekalov/auth/internal/api/get.go:21.2,21.47 1 0
github.com/mchekalov/auth/internal/api/service.go:15.73,19.2 1 0
github.com/mchekalov/auth/internal/api/update.go:15.107,17.16 2 0
github.com/mchekalov/auth/internal/api/update.go:17.16,19.3 1 0
github.com/mchekalov/auth/internal/api/update.go:21.2,21.30 1 0
github.com/mchekalov/auth/cmd/server/main.go:10.13,14.16 3 0
github.com/mchekalov/auth/cmd/server/main.go:14.16,16.3 1 0
github.com/mchekalov/auth/cmd/server/main.go:18.2,19.16 2 0
github.com/mchekalov/auth/cmd/server/main.go:19.16,21.3 1 0
github.com/mchekalov/auth/internal/app/app.go:24.48,28.16 3 0
github.com/mchekalov/auth/internal/app/app.go:28.16,30.3 1 0
github.com/mchekalov/auth/internal/app/app.go:32.2,32.15 1 0
github.com/mchekalov/auth/internal/app/app.go:36.27,37.15 1 0
github.com/mchekalov/auth/internal/app/app.go:37.15,40.3 2 0
github.com/mchekalov/auth/internal/app/app.go:42.2,42.26 1 0
github.com/mchekalov/auth/internal/app/app.go:45.51,52.26 2 0
github.com/mchekalov/auth/internal/app/app.go:52.26,54.17 2 0
github.com/mchekalov/auth/internal/app/app.go:54.17,56.4 1 0
github.com/mchekalov/auth/internal/app/app.go:59.2,59.12 1 0
github.com/mchekalov/auth/internal/app/app.go:62.51,64.16 2 0
github.com/mchekalov/auth/internal/app/app.go:64.16,66.3 1 0
github.com/mchekalov/auth/internal/app/app.go:68.2,68.12 1 0
github.com/mchekalov/auth/internal/app/app.go:71.60,74.2 2 0
github.com/mchekalov/auth/internal/app/app.go:76.57,84.2 4 0
github.com/mchekalov/auth/internal/app/app.go:86.37,90.16 3 0
github.com/mchekalov/auth/internal/app/app.go:90.16,92.3 1 0
github.com/mchekalov/auth/internal/app/app.go:94.2,95.16 2 0
github.com/mchekalov/auth/internal/app/app.go:95.16,97.3 1 0
github.com/mchekalov/auth/internal/app/app.go:99.2,99.12 1 0
github.com/mchekalov/auth/internal/app/service_provider.go:30.44,32.2 1 0
github.com/mchekalov/auth/internal/app/service_provider.go:34.54,35.23 1 0
github.com/mchekalov/auth/internal/app/service_provider.go:35.23,37.17 2 0
github.com/mchekalov/auth/internal/app/service_provider.go:37.17,39.4 1 0
github.com/mchekalov/auth/internal/app/service_provider.go:41.3,41.19 1 0
github.com/mchekalov/auth/internal/app/service_provider.go:44.2,44.19 1 0
github.com/mchekalov/auth/internal/app/service_provider.go:47.58,48.25 1 0
github.com/mchekalov/auth/internal/app/service_provider.go:48.25,50.17 2 0
github.com/mchekalov/auth/internal/app/service_provider.go:50.17,52.4 1 0
github.com/mchekalov/auth/internal/app/service_provider.go:54.3,54.21 1 0
github.com/mchekalov/auth/internal/app/service_provider.go:57.2,57.21 1 0
github.com/mchekalov/auth/internal/app/service_provider.go:60.67,61.23 1 0
github.com/mchekalov/auth/internal/app/service_provider.go:61.23,63.17 2 0
github.com/mchekalov/auth/internal/app/service_provider.go:63.17,65.4 1 0
github.com/mchekalov/auth/internal/app/service_provider.go:67.3,68.17 2 0
github.com/mchekalov/auth/internal/app/service_provider.go:68.17,70.4 1 0
github.com/mchekalov/auth/internal/app/service_provider.go:71.3,73.18 2 0
github.com/mchekalov/auth/internal/app/service_provider.go:76.2,76.19 1 0
github.com/mchekalov/auth/internal/app/service_provider.go:79.89,80.29 1 0
github.com/mchekalov/auth/internal/app/service_provider.go:80.29,82.3 1 0
github.com/mchekalov/auth/internal/app/service_provider.go:84.2,84.25 1 0
github.com/mchekalov/auth/internal/app/service_provider.go:87.80,88.26 1 0
github.com/mchekalov/auth/internal/app/service_provider.go:88.26,91.3 1 0
github.com/mchekalov/auth/internal/app/service_provider.go:93.2,93.22 1 0
github.com/mchekalov/auth/internal/app/service_provider.go:96.77,97.23 1 0
github.com/mchekalov/auth/internal/app/service_provider.go:97.23,99.3 1 0
github.com/mchekalov/auth/internal/app/service_provider.go:101.2,101.19 1 0
github.com/mchekalov/auth/internal/client/db/pg/client.go:17.62,19.16 2 0
github.com/mchekalov/auth/internal/client/db/pg/client.go:19.16,21.3 1 0
github.com/mchekalov/auth/internal/client/db/pg/client.go:23.2,25.8 1 0
github.com/mchekalov/auth/internal/client/db/pg/client.go:28.31,30.2 1 0
github.com/mchekalov/auth/internal/client/db/pg/client.go:32.34,33.24 1 0
github.com/mchekalov/auth/internal/client/db/pg/client.go:33.24,35.3 1 0
github.com/mchekalov/auth/internal/client/db/pg/client.go:37.2,37.12 1 0
github.com/mchekalov/auth/internal/client/db/pg/pg.go:29.37,33.2 1 0
github.com/mchekalov/auth/internal/client/db/pg/pg.go:35.107,39.16 3 0
github.com/mchekalov/auth/internal/client/db/pg/pg.go:39.16,41.3 1 0
github.com/mchekalov/auth/internal/client/db/pg/pg.go:43.2,43.36 1 0
github.com/mchekalov/auth/internal/client/db/pg/pg.go:46.107,50.16 3 0
github.com/mchekalov/auth/internal/client/db/pg/pg.go:50.16,52.3 1 0
github.com/mchekalov/auth/internal/client/db/pg/pg.go:54.2,54.36 1 0
github.com/mchekalov/auth/internal/client/db/pg/pg.go:57.107,61.8 3 0
github.com/mchekalov/auth/internal/client/db/pg/pg.go:61.8,63.3 1 0
github.com/mchekalov/auth/internal/client/db/pg/pg.go:65.2,65.45 1 0
github.com/mchekalov/auth/internal/client/db/pg/pg.go:68.99,72.8 3 0
github.com/mchekalov/auth/internal/client/db/pg/pg.go:72.8,74.3 1 0
github.com/mchekalov/auth/internal/client/db/pg/pg.go:76.2,76.46 1 0
github.com/mchekalov/auth/internal/client/db/pg/pg.go:79.92,83.8 3 0
github.com/mchekalov/auth/internal/client/db/pg/pg.go:83.8,85.3 1 0
github.com/mchekalov/auth/internal/client/db/pg/pg.go:87.2,87.49 1 0
github.com/mchekalov/auth/internal/client/db/pg/pg.go:90.84,92.2 1 0
github.com/mchekalov/auth/internal/client/db/pg/pg.go:94.46,96.2 1 0
github.com/mchekalov/auth/internal/client/db/pg/pg.go:98.22,100.2 1 0
github.com/mchekalov/auth/internal/client/db/pg/pg.go:103.68,105.2 1 0
github.com/mchekalov/auth/internal/client/db/pg/pg.go:107.69,114.2 2 0
github.com/mchekalov/auth/internal/client/db/prettier/query_prettier.go:17.67,18.29 1 0
github.com/mchekalov/auth/internal/client/db/prettier/query_prettier.go:18.29,20.28 2 0
github.com/mchekalov/auth/internal/client/db/prettier/query_prettier.go:21.15,22.32 1 0
github.com/mchekalov/auth/internal/client/db/prettier/query_prettier.go:23.15,24.40 1 0
github.com/mchekalov/auth/internal/client/db/prettier/query_prettier.go:25.11,26.32 1 0
github.com/mchekalov/auth/internal/client/db/prettier/query_prettier.go:29.3,29.97 1 0
github.com/mchekalov/auth/internal/client/db/prettier/query_prettier.go:32.2,35.33 3 0
github.com/mchekalov/auth/internal/client/db/transaction/transaction.go:18.59,22.2 1 0
github.com/mchekalov/auth/internal/client/db/transaction/transaction.go:25.99,28.8 2 0
github.com/mchekalov/auth/internal/client/db/transaction/transaction.go:28.8,30.3 1 0
github.com/mchekalov/auth/internal/client/db/transaction/transaction.go:33.2,34.16 2 0
github.com/mchekalov/auth/internal/client/db/transaction/transaction.go:34.16,36.3 1 0
github.com/mchekalov/auth/internal/client/db/transaction/transaction.go:39.2,42.15 2 0
github.com/mchekalov/auth/internal/client/db/transaction/transaction.go:42.15,44.31 1 0
github.com/mchekalov/auth/internal/client/db/transaction/transaction.go:44.31,46.4 1 0
github.com/mchekalov/auth/internal/client/db/transaction/transaction.go:49.3,49.17 1 0
github.com/mchekalov/auth/internal/client/db/transaction/transaction.go:49.17,50.59 1 0
github.com/mchekalov/auth/internal/client/db/transaction/transaction.go:50.59,52.5 1 0
github.com/mchekalov/auth/internal/client/db/transaction/transaction.go:54.4,54.10 1 0
github.com/mchekalov/auth/internal/client/db/transaction/transaction.go:58.3,58.17 1 0
github.com/mchekalov/auth/internal/client/db/transaction/transaction.go:58.17,60.18 2 0
github.com/mchekalov/auth/internal/client/db/transaction/transaction.go:60.18,62.5 1 0
github.com/mchekalov/auth/internal/client/db/transaction/transaction.go:69.2,69.31 1 0
github.com/mchekalov/auth/internal/client/db/transaction/transaction.go:69.31,71.3 1 0
github.com/mchekalov/auth/internal/client/db/transaction/transaction.go:73.2,73.12 1 0
github.com/mchekalov/auth/internal/client/db/transaction/transaction.go:76.74,79.2 2 0
github.com/mchekalov/auth/internal/closer/closer.go:13.29,15.2 1 0
github.com/mchekalov/auth/internal/closer/closer.go:18.13,20.2 1 0
github.com/mchekalov/auth/internal/closer/closer.go:23.17,25.2 1 0
github.com/mchekalov/auth/internal/closer/closer.go:36.36,38.18 2 0
github.com/mchekalov/auth/internal/closer/closer.go:38.18,39.13 1 0
github.com/mchekalov/auth/internal/closer/closer.go:39.13,45.4 5 0
github.com/mchekalov/auth/internal/closer/closer.go:47.2,47.10 1 0
github.com/mchekalov/auth/internal/closer/closer.go:51.41,55.2 3 0
github.com/mchekalov/auth/internal/closer/closer.go:58.25,60.2 1 0
github.com/mchekalov/auth/internal/closer/closer.go:63.29,64.19 1 0
github.com/mchekalov/auth/internal/closer/closer.go:64.19,74.27 7 0
github.com/mchekalov/auth/internal/closer/closer.go:74.27,75.28 1 0
github.com/mchekalov/auth/internal/closer/closer.go:75.28,77.5 1 0
github.com/mchekalov/auth/internal/closer/closer.go:80.3,80.34 1 0
github.com/mchekalov/auth/internal/closer/closer.go:80.34,81.33 1 0
github.com/mchekalov/auth/internal/closer/closer.go:81.33,83.5 1 0
github.com/mchekalov/auth/internal/converter/chat.go:10.69,16.2 1 0
github.com/mchekalov/auth/internal/converter/chat.go:19.61,23.2 1 0
github.com/mchekalov/auth/internal/converter/chat.go:26.58,28.24 2 0
github.com/mchekalov/auth/internal/converter/chat.go:28.24,30.3 1 0
github.com/mchekalov/auth/internal/converter/chat.go:32.2,45.3 1 0
github.com/mchekalov/auth/internal/converter/chat.go:49.60,53.2 1 0
github.com/mchekalov/auth/internal/converter/chat.go:56.60,60.2 1 0
github.com/mchekalov/auth/internal/converter/chat.go:63.68,70.2 1 0
github.com/mchekalov/auth/internal/repository/auth/repository.go:32.60,36.2 1 0
github.com/mchekalov/auth/internal/repository/auth/repository.go:38.87,47.16 4 0
github.com/mchekalov/auth/internal/repository/auth/repository.go:47.16,49.3 1 0
github.com/mchekalov/auth/internal/repository/auth/repository.go:51.2,58.16 4 0
github.com/mchekalov/auth/internal/repository/auth/repository.go:58.16,60.3 1 0
github.com/mchekalov/auth/internal/repository/auth/repository.go:62.2,62.49 1 0
github.com/mchekalov/auth/internal/repository/auth/repository.go:65.80,74.16 4 0
github.com/mchekalov/auth/internal/repository/auth/repository.go:74.16,76.3 1 0
github.com/mchekalov/auth/internal/repository/auth/repository.go:78.2,85.16 4 0
github.com/mchekalov/auth/internal/repository/auth/repository.go:85.16,87.3 1 0
github.com/mchekalov/auth/internal/repository/auth/repository.go:89.2,89.49 1 0
github.com/mchekalov/auth/internal/repository/auth/repository.go:92.74,102.16 4 0
github.com/mchekalov/auth/internal/repository/auth/repository.go:102.16,104.3 1 0
github.com/mchekalov/auth/internal/repository/auth/repository.go:106.2,113.12 3 0
github.com/mchekalov/auth/internal/repository/auth/repository.go:116.68,123.16 4 0
github.com/mchekalov/auth/internal/repository/auth/repository.go:123.16,125.3 1 0
github.com/mchekalov/auth/internal/repository/auth/repository.go:127.2,134.12 3 0
github.com/mchekalov/auth/internal/repository/auth/converter/chat.go:9.63,13.2 1 0
github.com/mchekalov/auth/internal/repository/auth/converter/chat.go:16.63,20.2 1 0
github.com/mchekalov/auth/internal/repository/auth/converter/chat.go:23.69,29.2 1 0
github.com/mchekalov/auth/internal/repository/auth/converter/chat.go:32.56,43.2 1 0
github.com/mchekalov/auth/internal/repository/auth/converter/chat.go:46.68,53.2 1 0
github.com/mchekalov/auth/internal/service/auth/service.go:16.79,18.2 1 0
github.com/mchekalov/auth/internal/service/auth/service.go:20.87,22.16 2 0
github.com/mchekalov/auth/internal/service/auth/service.go:22.16,24.3 1 0
github.com/mchekalov/auth/internal/service/auth/service.go:26.2,26.20 1 0
github.com/mchekalov/auth/internal/service/auth/service.go:29.84,31.16 2 0
github.com/mchekalov/auth/internal/service/auth/service.go:31.16,33.3 1 0
github.com/mchekalov/auth/internal/service/auth/service.go:35.2,35.20 1 0
github.com/mchekalov/auth/internal/service/auth/service.go:38.72,40.16 2 0
github.com/mchekalov/auth/internal/service/auth/service.go:40.16,42.3 1 0
github.com/mchekalov/auth/internal/service/auth/service.go:44.2,44.12 1 0
github.com/mchekalov/auth/internal/service/auth/service.go:48.68,50.16 2 0
github.com/mchekalov/auth/internal/service/auth/service.go:50.16,52.3 1 0
github.com/mchekalov/auth/internal/service/auth/service.go:54.2,54.12 1 0
github.com/mchekalov/auth/internal/api/create.go:15.113,17.16 2 10
github.com/mchekalov/auth/internal/api/create.go:17.16,20.3 1 5
github.com/mchekalov/auth/internal/api/create.go:22.2,22.47 1 5
github.com/mchekalov/auth/internal/api/delete.go:15.107,17.16 2 10
github.com/mchekalov/auth/internal/api/delete.go:17.16,19.3 1 5
github.com/mchekalov/auth/internal/api/delete.go:21.2,21.30 1 5
github.com/mchekalov/auth/internal/api/get.go:15.104,17.16 2 10
github.com/mchekalov/auth/internal/api/get.go:17.16,19.3 1 5
github.com/mchekalov/auth/internal/api/get.go:21.2,21.47 1 5
github.com/mchekalov/auth/internal/api/service.go:15.73,19.2 1 40
github.com/mchekalov/auth/internal/api/update.go:15.107,17.16 2 10
github.com/mchekalov/auth/internal/api/update.go:17.16,19.3 1 5
github.com/mchekalov/auth/internal/api/update.go:21.2,21.30 1 5
github.com/mchekalov/auth/internal/converter/chat.go:10.69,16.2 1 10
github.com/mchekalov/auth/internal/converter/chat.go:19.61,23.2 1 5
github.com/mchekalov/auth/internal/converter/chat.go:26.58,28.24 2 5
github.com/mchekalov/auth/internal/converter/chat.go:28.24,30.3 1 5
github.com/mchekalov/auth/internal/converter/chat.go:32.2,45.3 1 5
github.com/mchekalov/auth/internal/converter/chat.go:49.60,53.2 1 10
github.com/mchekalov/auth/internal/converter/chat.go:56.60,60.2 1 10
github.com/mchekalov/auth/internal/converter/chat.go:63.68,70.2 1 10
github.com/mchekalov/auth/pkg/user_v1/user.pb.go:48.28,52.2 3 0
github.com/mchekalov/auth/pkg/user_v1/user.pb.go:54.31,56.2 1 0
github.com/mchekalov/auth/pkg/user_v1/user.pb.go:58.54,60.2 1 0
github.com/mchekalov/auth/pkg/user_v1/user.pb.go:62.42,64.2 1 0
github.com/mchekalov/auth/pkg/user_v1/user.pb.go:66.48,68.2 1 0
github.com/mchekalov/auth/pkg/user_v1/user.pb.go:71.46,73.2 1 0
github.com/mchekalov/auth/pkg/user_v1/user.pb.go:87.28,89.29 2 0
github.com/mchekalov/auth/pkg/user_v1/user.pb.go:89.29,93.3 3 0
github.com/mchekalov/auth/pkg/user_v1/user.pb.go:96.36,98.2 1 0
github.com/mchekalov/auth/pkg/user_v1/user.pb.go:100.34,100.35 0 0
github.com/mchekalov/auth/pkg/user_v1/user.pb.go:102.56,104.41 2 0
github.com/mchekalov/auth/pkg/user_v1/user.pb.go:104.41,106.34 2 0
github.com/mchekalov/auth/pkg/user_v1/user.pb.go:106.34,108.4 1 0
github.com/mchekalov/auth/pkg/user_v1/user.pb.go:109.3,109.12 1 0
github.com/mchekalov/auth/pkg/user_v1/user.pb.go:111.2,111.24 1 0
github.com/mchekalov/auth/pkg/user_v1/user.pb.go:115.47,117.2 1 0
github.com/mchekalov/auth/pkg/user_v1/user.pb.go:119.37,120.14 1 0
github.com/mchekalov/auth/pkg/user_v1/user.pb.go:120.14,122.3 1 0
github.com/mchekalov/auth/pkg/user_v1/user.pb.go:123.2,123.11 1 0
github.com/mchekalov/auth/pkg/user_v1/user.pb.go:126.38,127.14 1 0
github.com/mchekalov/auth/pkg/user_v1/user.pb.go:127.14,129.3 1 0
github.com/mchekalov/auth/pkg/user_v1/user.pb.go:130.2,130.11 1 0
github.com/mchekalov/auth/pkg/user_v1/user.pb.go:133.41,134.14 1 0
github.com/mchekalov/auth/pkg/user_v1/user.pb.go:134.14,136.3 1 0
github.com/mchekalov/auth/pkg/user_v1/user.pb.go:137.2,137.11 1 0
github.com/mchekalov/auth/pkg/user_v1/user.pb.go:140.48,141.14 1 0
github.com/mchekalov/auth/pkg/user_v1/user.pb.go:141.14,143.3 1 0
github.com/mchekalov/auth/pkg/user_v1/user.pb.go:144.2,144.11 1 0
github.com/mchekalov/auth/pkg/user_v1/user.pb.go:147.35,148.14 1 0
github.com/mchekalov/auth/pkg/user_v1/user.pb.go:148.14,150.3 1 0
github.com/mchekalov/auth/pkg/user_v1/user.pb.go:151.2,151.21 1 0
github.com/mchekalov/auth/pkg/user_v1/user.pb.go:165.24,167.29 2 0
github.com/mchekalov/auth/pkg/user_v1/user.pb.go:167.29,171.3 3 0
github.com/mchekalov/auth/pkg/user_v1/user.pb.go:174.32,176.2 1 0
github.com/mchekalov/auth/pkg/user_v1/user.pb.go:178.30,178.31 0 0
github.com/mchekalov/auth/pkg/user_v1/user.pb.go:180.52,182.41 2 0
github.com/mchekalov/auth/pkg/user_v1/user.pb.go:182.41,184.34 2 0
github.com/mchekalov/auth/pkg/user_v1/user.pb.go:184.34,186.4 1 0
github.com/mchekalov/auth/pkg/user_v1/user.pb.go:187.3,187.12 1 0
github.com/mchekalov/auth/pkg/user_v1/user.pb.go:189.2,189.24 1 0
github.com/mchekalov/auth/pkg/user_v1/user.pb.go:193.43,195.2 1 0
github.com/mchekalov/auth/pkg/user_v1/user.pb.go:197.30,198.14 1 0
github.com/mchekalov/auth/pkg/user_v1/user.pb.go:198.14,200.3 1 0
github.com/mchekalov/auth/pkg/user_v1/user.pb.go:201.2,201.10 1 0
github.com/mchekalov/auth/pkg/user_v1/user.pb.go:204.36,205.14 1 0
github.com/mchekalov/auth/pkg/user_v1/user.pb.go:205.14,207.3 1 0
github.com/mchekalov/auth/pkg/user_v1/user.pb.go:208.2,208.12 1 0
github.com/mchekalov/auth/pkg/user_v1/user.pb.go:211.54,212.14 1 0
github.com/mchekalov/auth/pkg/user_v1/user.pb.go:212.14,214.3 1 0
github.com/mchekalov/auth/pkg/user_v1/user.pb.go:215.2,215.12 1 0
github.com/mchekalov/auth/pkg/user_v1/user.pb.go:218.54,219.14 1 0
github.com/mchekalov/auth/pkg/user_v1/user.pb.go:219.14,221.3 1 0
github.com/mchekalov/auth/pkg/user_v1/user.pb.go:222.2,222.12 1 0
github.com/mchekalov/auth/pkg/user_v1/user.pb.go:233.33,235.29 2 0
github.com/mchekalov/auth/pkg/user_v1/user.pb.go:235.29,239.3 3 0
github.com/mchekalov/auth/pkg/user_v1/user.pb.go:242.41,244.2 1 0
github.com/mchekalov/auth/pkg/user_v1/user.pb.go:246.39,246.40 0 0
github.com/mchekalov/auth/pkg/user_v1/user.pb.go:248.61,250.41 2 0
github.com/mchekalov/auth/pkg/user_v1/user.pb.go:250.41,252.34 2 0
github.com/mchekalov/auth/pkg/user_v1/user.pb.go:252.34,254.4 1 0
github.com/mchekalov/auth/pkg/user_v1/user.pb.go:255.3,255.12 1 0
github.com/mchekalov/auth/pkg/user_v1/user.pb.go:257.2,257.24 1 0
github.com/mchekalov/auth/pkg/user_v1/user.pb.go:261.52,263.2 1 0
github.com/mchekalov/auth/pkg/user_v1/user.pb.go:265.45,266.14 1 0
github.com/mchekalov/auth/pkg/user_v1/user.pb.go:266.14,268.3 1 0
github.com/mchekalov/auth/pkg/user_v1/user.pb.go:269.2,269.12 1 0
github.com/mchekalov/auth/pkg/user_v1/user.pb.go:280.34,282.29 2 0
github.com/mchekalov/auth/pkg/user_v1/user.pb.go:282.29,286.3 3 0
github.com/mchekalov/auth/pkg/user_v1/user.pb.go:289.42,291.2 1 0
github.com/mchekalov/auth/pkg/user_v1/user.pb.go:293.40,293.41 0 0
github.com/mchekalov/auth/pkg/user_v1/user.pb.go:295.62,297.41 2 0
github.com/mchekalov/auth/pkg/user_v1/user.pb.go:297.41,299.34 2 0
github.com/mchekalov/auth/pkg/user_v1/user.pb.go:299.34,301.4 1 0
github.com/mchekalov/auth/pkg/user_v1/user.pb.go:302.3,302.12 1 0
github.com/mchekalov/auth/pkg/user_v1/user.pb.go:304.2,304.24 1 0
github.com/mchekalov/auth/pkg/user_v1/user.pb.go:308.53,310.2 1 0
github.com/mchekalov/auth/pkg/user_v1/user.pb.go:312.40,313.14 1 0
github.com/mchekalov/auth/pkg/user_v1/user.pb.go:313.14,315.3 1 0
github.com/mchekalov/auth/pkg/user_v1/user.pb.go:316.2,316.10 1 0
github.com/mchekalov/auth/pkg/user_v1/user.pb.go:327.30,329.29 2 0
github.com/mchekalov/auth/pkg/user_v1/user.pb.go:329.29,333.3 3 0
github.com/mchekalov/auth/pkg/user_v1/user.pb.go:336.38,338.2 1 0
github.com/mchekalov/auth/pkg/user_v1/user.pb.go:340.36,340.37 0 0
github.com/mchekalov/auth/pkg/user_v1/user.pb.go:342.58,344.41 2 0
github.com/mchekalov/auth/pkg/user_v1/user.pb.go:344.41,346.34 2 0
github.com/mchekalov/auth/pkg/user_v1/user.pb.go:346.34,348.4 1 0
github.com/mchekalov/auth/pkg/user_v1/user.pb.go:349.3,349.12 1 0
github.com/mchekalov/auth/pkg/user_v1/user.pb.go:351.2,351.24 1 0
github.com/mchekalov/auth/pkg/user_v1/user.pb.go:355.49,357.2 1 0
github.com/mchekalov/auth/pkg/user_v1/user.pb.go:359.36,360.14 1 10
github.com/mchekalov/auth/pkg/user_v1/user.pb.go:360.14,362.3 1 10
github.com/mchekalov/auth/pkg/user_v1/user.pb.go:363.2,363.10 1 0
github.com/mchekalov/auth/pkg/user_v1/user.pb.go:374.31,376.29 2 0
github.com/mchekalov/auth/pkg/user_v1/user.pb.go:376.29,380.3 3 0
github.com/mchekalov/auth/pkg/user_v1/user.pb.go:383.39,385.2 1 0
github.com/mchekalov/auth/pkg/user_v1/user.pb.go:387.37,387.38 0 0
github.com/mchekalov/auth/pkg/user_v1/user.pb.go:389.59,391.41 2 0
github.com/mchekalov/auth/pkg/user_v1/user.pb.go:391.41,393.34 2 0
github.com/mchekalov/auth/pkg/user_v1/user.pb.go:393.34,395.4 1 0
github.com/mchekalov/auth/pkg/user_v1/user.pb.go:396.3,396.12 1 0
github.com/mchekalov/auth/pkg/user_v1/user.pb.go:398.2,398.24 1 0
github.com/mchekalov/auth/pkg/user_v1/user.pb.go:402.50,404.2 1 0
github.com/mchekalov/auth/pkg/user_v1/user.pb.go:406.39,407.14 1 0
github.com/mchekalov/auth/pkg/user_v1/user.pb.go:407.14,409.3 1 0
github.com/mchekalov/auth/pkg/user_v1/user.pb.go:410.2,410.12 1 0
github.com/mchekalov/auth/pkg/user_v1/user.pb.go:424.27,426.29 2 0
github.com/mchekalov/auth/pkg/user_v1/user.pb.go:426.29,430.3 3 0
github.com/mchekalov/auth/pkg/user_v1/user.pb.go:433.35,435.2 1 0
github.com/mchekalov/auth/pkg/user_v1/user.pb.go:437.33,437.34 0 0
github.com/mchekalov/auth/pkg/user_v1/user.pb.go:439.55,441.41 2 0
github.com/mchekalov/auth/pkg/user_v1/user.pb.go:441.41,443.34 2 0
github.com/mchekalov/auth/pkg/user_v1/user.pb.go:443.34,445.4 1 0
github.com/mchekalov/auth/pkg/user_v1/user.pb.go:446.3,446.12 1 0
github.com/mchekalov/auth/pkg/user_v1/user.pb.go:448.2,448.24 1 0
github.com/mchekalov/auth/pkg/user_v1/user.pb.go:452.46,454.2 1 0
github.com/mchekalov/auth/pkg/user_v1/user.pb.go:456.33,457.14 1 0
github.com/mchekalov/auth/pkg/user_v1/user.pb.go:457.14,459.3 1 0
github.com/mchekalov/auth/pkg/user_v1/user.pb.go:460.2,460.10 1 0
github.com/mchekalov/auth/pkg/user_v1/user.pb.go:463.53,464.14 1 0
github.com/mchekalov/auth/pkg/user_v1/user.pb.go:464.14,466.3 1 0
github.com/mchekalov/auth/pkg/user_v1/user.pb.go:467.2,467.12 1 0
github.com/mchekalov/auth/pkg/user_v1/user.pb.go:470.54,471.14 1 0
github.com/mchekalov/auth/pkg/user_v1/user.pb.go:471.14,473.3 1 0
github.com/mchekalov/auth/pkg/user_v1/user.pb.go:474.2,474.12 1 0
github.com/mchekalov/auth/pkg/user_v1/user.pb.go:477.34,478.14 1 0
github.com/mchekalov/auth/pkg/user_v1/user.pb.go:478.14,480.3 1 0
github.com/mchekalov/auth/pkg/user_v1/user.pb.go:481.2,481.21 1 0
github.com/mchekalov/auth/pkg/user_v1/user.pb.go:492.33,494.29 2 0
github.com/mchekalov/auth/pkg/user_v1/user.pb.go:494.29,498.3 3 0
github.com/mchekalov/auth/pkg/user_v1/user.pb.go:501.41,503.2 1 0
github.com/mchekalov/auth/pkg/user_v1/user.pb.go:505.39,505.40 0 0
github.com/mchekalov/auth/pkg/user_v1/user.pb.go:507.61,509.41 2 0
github.com/mchekalov/auth/pkg/user_v1/user.pb.go:509.41,511.34 2 0
github.com/mchekalov/auth/pkg/user_v1/user.pb.go:511.34,513.4 1 0
github.com/mchekalov/auth/pkg/user_v1/user.pb.go:514.3,514.12 1 0
github.com/mchekalov/auth/pkg/user_v1/user.pb.go:516.2,516.24 1 0
github.com/mchekalov/auth/pkg/user_v1/user.pb.go:520.52,522.2 1 0
github.com/mchekalov/auth/pkg/user_v1/user.pb.go:524.44,525.14 1 0
github.com/mchekalov/auth/pkg/user_v1/user.pb.go:525.14,527.3 1 0
github.com/mchekalov/auth/pkg/user_v1/user.pb.go:528.2,528.12 1 0
github.com/mchekalov/auth/pkg/user_v1/user.pb.go:539.33,541.29 2 0
github.com/mchekalov/auth/pkg/user_v1/user.pb.go:541.29,545.3 3 0
github.com/mchekalov/auth/pkg/user_v1/user.pb.go:548.41,550.2 1 0
github.com/mchekalov/auth/pkg/user_v1/user.pb.go:552.39,552.40 0 0
github.com/mchekalov/auth/pkg/user_v1/user.pb.go:554.61,556.41 2 0
github.com/mchekalov/auth/pkg/user_v1/user.pb.go:556.41,558.34 2 0
github.com/mchekalov/auth/pkg/user_v1/user.pb.go:558.34,560.4 1 0
github.com/mchekalov/auth/pkg/user_v1/user.pb.go:561.3,561.12 1 0
github.com/mchekalov/auth/pkg/user_v1/user.pb.go:563.2,563.24 1 0
github.com/mchekalov/auth/pkg/user_v1/user.pb.go:567.52,569.2 1 0
github.com/mchekalov/auth/pkg/user_v1/user.pb.go:571.39,572.14 1 10
github.com/mchekalov/auth/pkg/user_v1/user.pb.go:572.14,574.3 1 10
github.com/mchekalov/auth/pkg/user_v1/user.pb.go:575.2,575.10 1 0
github.com/mchekalov/auth/pkg/user_v1/user.pb.go:664.43,665.40 1 0
github.com/mchekalov/auth/pkg/user_v1/user.pb.go:665.40,667.3 1 0
github.com/mchekalov/auth/pkg/user_v1/user.pb.go:668.2,668.36 1 0
github.com/mchekalov/auth/pkg/user_v1/user.pb.go:714.13,714.39 1 1
github.com/mchekalov/auth/pkg/user_v1/user.pb.go:715.29,716.28 1 1
github.com/mchekalov/auth/pkg/user_v1/user.pb.go:716.28,718.3 1 0
github.com/mchekalov/auth/pkg/user_v1/user.pb.go:719.2,719.30 1 1
github.com/mchekalov/auth/pkg/user_v1/user.pb.go:719.30,720.81 1 0
github.com/mchekalov/auth/pkg/user_v1/user.pb.go:720.81,721.33 1 0
github.com/mchekalov/auth/pkg/user_v1/user.pb.go:722.11,723.20 1 0
github.com/mchekalov/auth/pkg/user_v1/user.pb.go:724.11,725.24 1 0
github.com/mchekalov/auth/pkg/user_v1/user.pb.go:726.11,727.28 1 0
github.com/mchekalov/auth/pkg/user_v1/user.pb.go:728.12,729.15 1 0
github.com/mchekalov/auth/pkg/user_v1/user.pb.go:732.3,732.81 1 0
github.com/mchekalov/auth/pkg/user_v1/user.pb.go:732.81,733.29 1 0
github.com/mchekalov/auth/pkg/user_v1/user.pb.go:734.11,735.20 1 0
github.com/mchekalov/auth/pkg/user_v1/user.pb.go:736.11,737.24 1 0
github.com/mchekalov/auth/pkg/user_v1/user.pb.go:738.11,739.28 1 0
github.com/mchekalov/auth/pkg/user_v1/user.pb.go:740.12,741.15 1 0
github.com/mchekalov/auth/pkg/user_v1/user.pb.go:744.3,744.81 1 0
github.com/mchekalov/auth/pkg/user_v1/user.pb.go:744.81,745.38 1 0
github.com/mchekalov/auth/pkg/user_v1/user.pb.go:746.11,747.20 1 0
github.com/mchekalov/auth/pkg/user_v1/user.pb.go:748.11,749.24 1 0
github.com/mchekalov/auth/pkg/user_v1/user.pb.go:750.11,751.28 1 0
github.com/mchekalov/auth/pkg/user_v1/user.pb.go:752.12,753.15 1 0
github.com/mchekalov/auth/pkg/user_v1/user.pb.go:756.3,756.81 1 0
github.com/mchekalov/auth/pkg/user_v1/user.pb.go:756.81,757.39 1 0
github.com/mchekalov/auth/pkg/user_v1/user.pb.go:758.11,759.20 1 0
github.com/mchekalov/auth/pkg/user_v1/user.pb.go:760.11,761.24 1 0
github.com/mchekalov/auth/pkg/user_v1/user.pb.go:762.11,763.28 1 0
github.com/mchekalov/auth/pkg/user_v1/user.pb.go:764.12,765.15 1 0
github.com/mchekalov/auth/pkg/user_v1/user.pb.go:768.3,768.81 1 0
github.com/mchekalov/auth/pkg/user_v1/user.pb.go:768.81,769.35 1 0
github.com/mchekalov/auth/pkg/user_v1/user.pb.go:770.11,771.20 1 0
github.com/mchekalov/auth/pkg/user_v1/user.pb.go:772.11,773.24 1 0
github.com/mchekalov/auth/pkg/user_v1/user.pb.go:774.11,775.28 1 0
github.com/mchekalov/auth/pkg/user_v1/user.pb.go:776.12,777.15 1 0
github.com/mchekalov/auth/pkg/user_v1/user.pb.go:780.3,780.81 1 0
github.com/mchekalov/auth/pkg/user_v1/user.pb.go:780.81,781.36 1 0
github.com/mchekalov/auth/pkg/user_v1/user.pb.go:782.11,783.20 1 0
github.com/mchekalov/auth/pkg/user_v1/user.pb.go:784.11,785.24 1 0
github.com/mchekalov/auth/pkg/user_v1/user.pb.go:786.11,787.28 1 0
github.com/mchekalov/auth/pkg/user_v1/user.pb.go:788.12,789.15 1 0
github.com/mchekalov/auth/pkg/user_v1/user.pb.go:792.3,792.81 1 0
github.com/mchekalov/auth/pkg/user_v1/user.pb.go:792.81,793.32 1 0
github.com/mchekalov/auth/pkg/user_v1/user.pb.go:794.11,795.20 1 0
github.com/mchekalov/auth/pkg/user_v1/user.pb.go:796.11,797.24 1 0
github.com/mchekalov/auth/pkg/user_v1/user.pb.go:798.11,799.28 1 0
github.com/mchekalov/auth/pkg/user_v1/user.pb.go:800.12,801.15 1 0
github.com/mchekalov/auth/pkg/user_v1/user.pb.go:804.3,804.81 1 0
github.com/mchekalov/auth/pkg/user_v1/user.pb.go:804.81,805.38 1 0
github.com/mchekalov/auth/pkg/user_v1/user.pb.go:806.11,807.20 1 0
github.com/mchekalov/auth/pkg/user_v1/user.pb.go:808.11,809.24 1 0
github.com/mchekalov/auth/pkg/user_v1/user.pb.go:810.11,811.28 1 0
github.com/mchekalov/auth/pkg/user_v1/user.pb.go:812.12,813.15 1 0
github.com/mchekalov/auth/pkg/user_v1/user.pb.go:816.3,816.81 1 0
github.com/mchekalov/auth/pkg/user_v1/user.pb.go:816.81,817.38 1 0
github.com/mchekalov/auth/pkg/user_v1/user.pb.go:818.11,819.20 1 0
github.com/mchekalov/auth/pkg/user_v1/user.pb.go:820.11,821.24 1 0
github.com/mchekalov/auth/pkg/user_v1/user.pb.go:822.11,823.28 1 0
github.com/mchekalov/auth/pkg/user_v1/user.pb.go:824.12,825.15 1 0
github.com/mchekalov/auth/pkg/user_v1/user.pb.go:829.2,847.31 6 1
github.com/mchekalov/auth/pkg/user_v1/user_grpc.pb.go:36.64,38.2 1 0
github.com/mchekalov/auth/pkg/user_v1/user_grpc.pb.go:40.121,43.16 3 0
github.com/mchekalov/auth/pkg/user_v1/user_grpc.pb.go:43.16,45.3 1 0
github.com/mchekalov/auth/pkg/user_v1/user_grpc.pb.go:46.2,46.17 1 0
github.com/mchekalov/auth/pkg/user_v1/user_grpc.pb.go:49.112,52.16 3 0
github.com/mchekalov/auth/pkg/user_v1/user_grpc.pb.go:52.16,54.3 1 0
github.com/mchekalov/auth/pkg/user_v1/user_grpc.pb.go:55.2,55.17 1 0
github.com/mchekalov/auth/pkg/user_v1/user_grpc.pb.go:58.120,61.16 3 0
github.com/mchekalov/auth/pkg/user_v1/user_grpc.pb.go:61.16,63.3 1 0
github.com/mchekalov/auth/pkg/user_v1/user_grpc.pb.go:64.2,64.17 1 0
github.com/mchekalov/auth/pkg/user_v1/user_grpc.pb.go:67.120,70.16 3 0
github.com/mchekalov/auth/pkg/user_v1/user_grpc.pb.go:70.16,72.3 1 0
github.com/mchekalov/auth/pkg/user_v1/user_grpc.pb.go:73.2,73.17 1 0
github.com/mchekalov/auth/pkg/user_v1/user_grpc.pb.go:91.99,93.2 1 0
github.com/mchekalov/auth/pkg/user_v1/user_grpc.pb.go:94.90,96.2 1 0
github.com/mchekalov/auth/pkg/user_v1/user_grpc.pb.go:97.98,99.2 1 0
github.com/mchekalov/auth/pkg/user_v1/user_grpc.pb.go:100.98,102.2 1 0
github.com/mchekalov/auth/pkg/user_v1/user_grpc.pb.go:103.72,103.73 0 0
github.com/mchekalov/auth/pkg/user_v1/user_grpc.pb.go:112.70,114.2 1 0
github.com/mchekalov/auth/pkg/user_v1/user_grpc.pb.go:116.158,118.32 2 0
github.com/mchekalov/auth/pkg/user_v1/user_grpc.pb.go:118.32,120.3 1 0
github.com/mchekalov/auth/pkg/user_v1/user_grpc.pb.go:121.2,121.24 1 0
github.com/mchekalov/auth/pkg/user_v1/user_grpc.pb.go:121.24,123.3 1 0
github.com/mchekalov/auth/pkg/user_v1/user_grpc.pb.go:124.2,128.77 2 0
github.com/mchekalov/auth/pkg/user_v1/user_grpc.pb.go:128.77,130.3 1 0
github.com/mchekalov/auth/pkg/user_v1/user_grpc.pb.go:131.2,131.44 1 0
github.com/mchekalov/auth/pkg/user_v1/user_grpc.pb.go:134.155,136.32 2 0
github.com/mchekalov/auth/pkg/user_v1/user_grpc.pb.go:136.32,138.3 1 0
github.com/mchekalov/auth/pkg/user_v1/user_grpc.pb.go:139.2,139.24 1 0
github.com/mchekalov/auth/pkg/user_v1/user_grpc.pb.go:139.24,141.3 1 0
github.com/mchekalov/auth/pkg/user_v1/user_grpc.pb.go:142.2,146.77 2 0
github.com/mchekalov/auth/pkg/user_v1/user_grpc.pb.go:146.77,148.3 1 0
github.com/mchekalov/auth/pkg/user_v1/user_grpc.pb.go:149.2,149.44 1 0
github.com/mchekalov/auth/pkg/user_v1/user_grpc.pb.go:152.158,154.32 2 0
github.com/mchekalov/auth/pkg/user_v1/user_grpc.pb.go:154.32,156.3 1 0
github.com/mchekalov/auth/pkg/user_v1/user_grpc.pb.go:157.2,157.24 1 0
github.com/mchekalov/auth/pkg/user_v1/user_grpc.pb.go:157.24,159.3 1 0
github.com/mchekalov/auth/pkg/user_v1/user_grpc.pb.go:160.2,164.77 2 0
github.com/mchekalov/auth/pkg/user_v1/user_grpc.pb.go:164.77,166.3 1 0
github.com/mchekalov/auth/pkg/user_v1/user_grpc.pb.go:167.2,167.44 1 0
github.com/mchekalov/auth/pkg/user_v1/user_grpc.pb.go:170.158,172.32 2 0
github.com/mchekalov/auth/pkg/user_v1/user_grpc.pb.go:172.32,174.3 1 0
github.com/mchekalov/auth/pkg/user_v1/user_grpc.pb.go:175.2,175.24 1 0
github.com/mchekalov/auth/pkg/user_v1/user_grpc.pb.go:175.24,177.3 1 0
github.com/mchekalov/auth/pkg/user_v1/user_grpc.pb.go:178.2,182.77 2 0
github.com/mchekalov/auth/pkg/user_v1/user_grpc.pb.go:182.77,184.3 1 0
github.com/mchekalov/auth/pkg/user_v1/user_grpc.pb.go:185.2,185.44 1 0
github.com/mchekalov/auth/pkg/user_v1/user.pb.go:48.28,52.2 3 0
github.com/mchekalov/auth/pkg/user_v1/user.pb.go:54.31,56.2 1 0
github.com/mchekalov/auth/pkg/user_v1/user.pb.go:58.54,60.2 1 0
github.com/mchekalov/auth/pkg/user_v1/user.pb.go:62.42,64.2 1 0
github.com/mchekalov/auth/pkg/user_v1/user.pb.go:66.48,68.2 1 0
github.com/mchekalov/auth/pkg/user_v1/user.pb.go:71.46,73.2 1 0
github.com/mchekalov/auth/pkg/user_v1/user.pb.go:87.28,89.29 2 0
github.com/mchekalov/auth/pkg/user_v1/user.pb.go:89.29,93.3 3 0
github.com/mchekalov/auth/pkg/user_v1/user.pb.go:96.36,98.2 1 0
github.com/mchekalov/auth/pkg/user_v1/user.pb.go:100.34,100.35 0 0
github.com/mchekalov/auth/pkg/user_v1/user.pb.go:102.56,104.41 2 0
github.com/mchekalov/auth/pkg/user_v1/user.pb.go:104.41,106.34 2 0
github.com/mchekalov/auth/pkg/user_v1/user.pb.go:106.34,108.4 1 0
github.com/mchekalov/auth/pkg/user_v1/user.pb.go:109.3,109.12 1 0
github.com/mchekalov/auth/pkg/user_v1/user.pb.go:111.2,111.24 1 0
github.com/mchekalov/auth/pkg/user_v1/user.pb.go:115.47,117.2 1 0
github.com/mchekalov/auth/pkg/user_v1/user.pb.go:119.37,120.14 1 0
github.com/mchekalov/auth/pkg/user_v1/user.pb.go:120.14,122.3 1 0
github.com/mchekalov/auth/pkg/user_v1/user.pb.go:123.2,123.11 1 0
github.com/mchekalov/auth/pkg/user_v1/user.pb.go:126.38,127.14 1 0
github.com/mchekalov/auth/pkg/user_v1/user.pb.go:127.14,129.3 1 0
github.com/mchekalov/auth/pkg/user_v1/user.pb.go:130.2,130.11 1 0
github.com/mchekalov/auth/pkg/user_v1/user.pb.go:133.41,134.14 1 0
github.com/mchekalov/auth/pkg/user_v1/user.pb.go:134.14,136.3 1 0
github.com/mchekalov/auth/pkg/user_v1/user.pb.go:137.2,137.11 1 0
github.com/mchekalov/auth/pkg/user_v1/user.pb.go:140.48,141.14 1 0
github.com/mchekalov/auth/pkg/user_v1/user.pb.go:141.14,143.3 1 0
github.com/mchekalov/auth/pkg/user_v1/user.pb.go:144.2,144.11 1 0
github.com/mchekalov/auth/pkg/user_v1/user.pb.go:147.35,148.14 1 0
github.com/mchekalov/auth/pkg/user_v1/user.pb.go:148.14,150.3 1 0
github.com/mchekalov/auth/pkg/user_v1/user.pb.go:151.2,151.21 1 0
github.com/mchekalov/auth/pkg/user_v1/user.pb.go:165.24,167.29 2 0
github.com/mchekalov/auth/pkg/user_v1/user.pb.go:167.29,171.3 3 0
github.com/mchekalov/auth/pkg/user_v1/user.pb.go:174.32,176.2 1 0
github.com/mchekalov/auth/pkg/user_v1/user.pb.go:178.30,178.31 0 0
github.com/mchekalov/auth/pkg/user_v1/user.pb.go:180.52,182.41 2 0
github.com/mchekalov/auth/pkg/user_v1/user.pb.go:182.41,184.34 2 0
github.com/mchekalov/auth/pkg/user_v1/user.pb.go:184.34,186.4 1 0
github.com/mchekalov/auth/pkg/user_v1/user.pb.go:187.3,187.12 1 0
github.com/mchekalov/auth/pkg/user_v1/user.pb.go:189.2,189.24 1 0
github.com/mchekalov/auth/pkg/user_v1/user.pb.go:193.43,195.2 1 0
github.com/mchekalov/auth/pkg/user_v1/user.pb.go:197.30,198.14 1 0
github.com/mchekalov/auth/pkg/user_v1/user.pb.go:198.14,200.3 1 0
github.com/mchekalov/auth/pkg/user_v1/user.pb.go:201.2,201.10 1 0
github.com/mchekalov/auth/pkg/user_v1/user.pb.go:204.36,205.14 1 0
github.com/mchekalov/auth/pkg/user_v1/user.pb.go:205.14,207.3 1 0
github.com/mchekalov/auth/pkg/user_v1/user.pb.go:208.2,208.12 1 0
github.com/mchekalov/auth/pkg/user_v1/user.pb.go:211.54,212.14 1 0
github.com/mchekalov/auth/pkg/user_v1/user.pb.go:212.14,214.3 1 0
github.com/mchekalov/auth/pkg/user_v1/user.pb.go:215.2,215.12 1 0
github.com/mchekalov/auth/pkg/user_v1/user.pb.go:218.54,219.14 1 0
github.com/mchekalov/auth/pkg/user_v1/user.pb.go:219.14,221.3 1 0
github.com/mchekalov/auth/pkg/user_v1/user.pb.go:222.2,222.12 1 0
github.com/mchekalov/auth/pkg/user_v1/user.pb.go:233.33,235.29 2 0
github.com/mchekalov/auth/pkg/user_v1/user.pb.go:235.29,239.3 3 0
github.com/mchekalov/auth/pkg/user_v1/user.pb.go:242.41,244.2 1 0
github.com/mchekalov/auth/pkg/user_v1/user.pb.go:246.39,246.40 0 0
github.com/mchekalov/auth/pkg/user_v1/user.pb.go:248.61,250.41 2 0
github.com/mchekalov/auth/pkg/user_v1/user.pb.go:250.41,252.34 2 0
github.com/mchekalov/auth/pkg/user_v1/user.pb.go:252.34,254.4 1 0
github.com/mchekalov/auth/pkg/user_v1/user.pb.go:255.3,255.12 1 0
github.com/mchekalov/auth/pkg/user_v1/user.pb.go:257.2,257.24 1 0
github.com/mchekalov/auth/pkg/user_v1/user.pb.go:261.52,263.2 1 0
github.com/mchekalov/auth/pkg/user_v1/user.pb.go:265.45,266.14 1 0
github.com/mchekalov/auth/pkg/user_v1/user.pb.go:266.14,268.3 1 0
github.com/mchekalov/auth/pkg/user_v1/user.pb.go:269.2,269.12 1 0
github.com/mchekalov/auth/pkg/user_v1/user.pb.go:280.34,282.29 2 0
github.com/mchekalov/auth/pkg/user_v1/user.pb.go:282.29,286.3 3 0
github.com/mchekalov/auth/pkg/user_v1/user.pb.go:289.42,291.2 1 0
github.com/mchekalov/auth/pkg/user_v1/user.pb.go:293.40,293.41 0 0
github.com/mchekalov/auth/pkg/user_v1/user.pb.go:295.62,297.41 2 0
github.com/mchekalov/auth/pkg/user_v1/user.pb.go:297.41,299.34 2 0
github.com/mchekalov/auth/pkg/user_v1/user.pb.go:299.34,301.4 1 0
github.com/mchekalov/auth/pkg/user_v1/user.pb.go:302.3,302.12 1 0
github.com/mchekalov/auth/pkg/user_v1/user.pb.go:304.2,304.24 1 0
github.com/mchekalov/auth/pkg/user_v1/user.pb.go:308.53,310.2 1 0
github.com/mchekalov/auth/pkg/user_v1/user.pb.go:312.40,313.14 1 0
github.com/mchekalov/auth/pkg/user_v1/user.pb.go:313.14,315.3 1 0
github.com/mchekalov/auth/pkg/user_v1/user.pb.go:316.2,316.10 1 0
github.com/mchekalov/auth/pkg/user_v1/user.pb.go:327.30,329.29 2 0
github.com/mchekalov/auth/pkg/user_v1/user.pb.go:329.29,333.3 3 0
github.com/mchekalov/auth/pkg/user_v1/user.pb.go:336.38,338.2 1 0
github.com/mchekalov/auth/pkg/user_v1/user.pb.go:340.36,340.37 0 0
github.com/mchekalov/auth/pkg/user_v1/user.pb.go:342.58,344.41 2 0
github.com/mchekalov/auth/pkg/user_v1/user.pb.go:344.41,346.34 2 0
github.com/mchekalov/auth/pkg/user_v1/user.pb.go:346.34,348.4 1 0
github.com/mchekalov/auth/pkg/user_v1/user.pb.go:349.3,349.12 1 0
github.com/mchekalov/auth/pkg/user_v1/user.pb.go:351.2,351.24 1 0
github.com/mchekalov/auth/pkg/user_v1/user.pb.go:355.49,357.2 1 0
github.com/mchekalov/auth/pkg/user_v1/user.pb.go:359.36,360.14 1 0
github.com/mchekalov/auth/pkg/user_v1/user.pb.go:360.14,362.3 1 0
github.com/mchekalov/auth/pkg/user_v1/user.pb.go:363.2,363.10 1 0
github.com/mchekalov/auth/pkg/user_v1/user.pb.go:374.31,376.29 2 0
github.com/mchekalov/auth/pkg/user_v1/user.pb.go:376.29,380.3 3 0
github.com/mchekalov/auth/pkg/user_v1/user.pb.go:383.39,385.2 1 0
github.com/mchekalov/auth/pkg/user_v1/user.pb.go:387.37,387.38 0 0
github.com/mchekalov/auth/pkg/user_v1/user.pb.go:389.59,391.41 2 0
github.com/mchekalov/auth/pkg/user_v1/user.pb.go:391.41,393.34 2 0
github.com/mchekalov/auth/pkg/user_v1/user.pb.go:393.34,395.4 1 0
github.com/mchekalov/auth/pkg/user_v1/user.pb.go:396.3,396.12 1 0
github.com/mchekalov/auth/pkg/user_v1/user.pb.go:398.2,398.24 1 0
github.com/mchekalov/auth/pkg/user_v1/user.pb.go:402.50,404.2 1 0
github.com/mchekalov/auth/pkg/user_v1/user.pb.go:406.39,407.14 1 0
github.com/mchekalov/auth/pkg/user_v1/user.pb.go:407.14,409.3 1 0
github.com/mchekalov/auth/pkg/user_v1/user.pb.go:410.2,410.12 1 0
github.com/mchekalov/auth/pkg/user_v1/user.pb.go:424.27,426.29 2 0
github.com/mchekalov/auth/pkg/user_v1/user.pb.go:426.29,430.3 3 0
github.com/mchekalov/auth/pkg/user_v1/user.pb.go:433.35,435.2 1 0
github.com/mchekalov/auth/pkg/user_v1/user.pb.go:437.33,437.34 0 0
github.com/mchekalov/auth/pkg/user_v1/user.pb.go:439.55,441.41 2 0
github.com/mchekalov/auth/pkg/user_v1/user.pb.go:441.41,443.34 2 0
github.com/mchekalov/auth/pkg/user_v1/user.pb.go:443.34,445.4 1 0
github.com/mchekalov/auth/pkg/user_v1/user.pb.go:446.3,446.12 1 0
github.com/mchekalov/auth/pkg/user_v1/user.pb.go:448.2,448.24 1 0
github.com/mchekalov/auth/pkg/user_v1/user.pb.go:452.46,454.2 1 0
github.com/mchekalov/auth/pkg/user_v1/user.pb.go:456.33,457.14 1 0
github.com/mchekalov/auth/pkg/user_v1/user.pb.go:457.14,459.3 1 0
github.com/mchekalov/auth/pkg/user_v1/user.pb.go:460.2,460.10 1 0
github.com/mchekalov/auth/pkg/user_v1/user.pb.go:463.53,464.14 1 0
github.com/mchekalov/auth/pkg/user_v1/user.pb.go:464.14,466.3 1 0
github.com/mchekalov/auth/pkg/user_v1/user.pb.go:467.2,467.12 1 0
github.com/mchekalov/auth/pkg/user_v1/user.pb.go:470.54,471.14 1 0
github.com/mchekalov/auth/pkg/user_v1/user.pb.go:471.14,473.3 1 0
github.com/mchekalov/auth/pkg/user_v1/user.pb.go:474.2,474.12 1 0
github.com/mchekalov/auth/pkg/user_v1/user.pb.go:477.34,478.14 1 0
github.com/mchekalov/auth/pkg/user_v1/user.pb.go:478.14,480.3 1 0
github.com/mchekalov/auth/pkg/user_v1/user.pb.go:481.2,481.21 1 0
github.com/mchekalov/auth/pkg/user_v1/user.pb.go:492.33,494.29 2 0
github.com/mchekalov/auth/pkg/user_v1/user.pb.go:494.29,498.3 3 0
github.com/mchekalov/auth/pkg/user_v1/user.pb.go:501.41,503.2 1 0
github.com/mchekalov/auth/pkg/user_v1/user.pb.go:505.39,505.40 0 0
github.com/mchekalov/auth/pkg/user_v1/user.pb.go:507.61,509.41 2 0
github.com/mchekalov/auth/pkg/user_v1/user.pb.go:509.41,511.34 2 0
github.com/mchekalov/auth/pkg/user_v1/user.pb.go:511.34,513.4 1 0
github.com/mchekalov/auth/pkg/user_v1/user.pb.go:514.3,514.12 1 0
github.com/mchekalov/auth/pkg/user_v1/user.pb.go:516.2,516.24 1 0
github.com/mchekalov/auth/pkg/user_v1/user.pb.go:520.52,522.2 1 0
github.com/mchekalov/auth/pkg/user_v1/user.pb.go:524.44,525.14 1 0
github.com/mchekalov/auth/pkg/user_v1/user.pb.go:525.14,527.3 1 0
github.com/mchekalov/auth/pkg/user_v1/user.pb.go:528.2,528.12 1 0
github.com/mchekalov/auth/pkg/user_v1/user.pb.go:539.33,541.29 2 0
github.com/mchekalov/auth/pkg/user_v1/user.pb.go:541.29,545.3 3 0
github.com/mchekalov/auth/pkg/user_v1/user.pb.go:548.41,550.2 1 0
github.com/mchekalov/auth/pkg/user_v1/user.pb.go:552.39,552.40 0 0
github.com/mchekalov/auth/pkg/user_v1/user.pb.go:554.61,556.41 2 0
github.com/mchekalov/auth/pkg/user_v1/user.pb.go:556.41,558.34 2 0
github.com/mchekalov/auth/pkg/user_v1/user.pb.go:558.34,560.4 1 0
github.com/mchekalov/auth/pkg/user_v1/user.pb.go:561.3,561.12 1 0
github.com/mchekalov/auth/pkg/user_v1/user.pb.go:563.2,563.24 1 0
github.com/mchekalov/auth/pkg/user_v1/user.pb.go:567.52,569.2 1 0
github.com/mchekalov/auth/pkg/user_v1/user.pb.go:571.39,572.14 1 0
github.com/mchekalov/auth/pkg/user_v1/user.pb.go:572.14,574.3 1 0
github.com/mchekalov/auth/pkg/user_v1/user.pb.go:575.2,575.10 1 0
github.com/mchekalov/auth/pkg/user_v1/user.pb.go:664.43,665.40 1 0
github.com/mchekalov/auth/pkg/user_v1/user.pb.go:665.40,667.3 1 0
github.com/mchekalov/auth/pkg/user_v1/user.pb.go:668.2,668.36 1 0
github.com/mchekalov/auth/pkg/user_v1/user.pb.go:714.13,714.39 1 0
github.com/mchekalov/auth/pkg/user_v1/user.pb.go:715.29,716.28 1 0
github.com/mchekalov/auth/pkg/user_v1/user.pb.go:716.28,718.3 1 0
github.com/mchekalov/auth/pkg/user_v1/user.pb.go:719.2,719.30 1 0
github.com/mchekalov/auth/pkg/user_v1/user.pb.go:719.30,720.81 1 0
github.com/mchekalov/auth/pkg/user_v1/user.pb.go:720.81,721.33 1 0
github.com/mchekalov/auth/pkg/user_v1/user.pb.go:722.11,723.20 1 0
github.com/mchekalov/auth/pkg/user_v1/user.pb.go:724.11,725.24 1 0
github.com/mchekalov/auth/pkg/user_v1/user.pb.go:726.11,727.28 1 0
github.com/mchekalov/auth/pkg/user_v1/user.pb.go:728.12,729.15 1 0
github.com/mchekalov/auth/pkg/user_v1/user.pb.go:732.3,732.81 1 0
github.com/mchekalov/auth/pkg/user_v1/user.pb.go:732.81,733.29 1 0
github.com/mchekalov/auth/pkg/user_v1/user.pb.go:734.11,735.20 1 0
github.com/mchekalov/auth/pkg/user_v1/user.pb.go:736.11,737.24 1 0
github.com/mchekalov/auth/pkg/user_v1/user.pb.go:738.11,739.28 1 0
github.com/mchekalov/auth/pkg/user_v1/user.pb.go:740.12,741.15 1 0
github.com/mchekalov/auth/pkg/user_v1/user.pb.go:744.3,744.81 1 0
github.com/mchekalov/auth/pkg/user_v1/user.pb.go:744.81,745.38 1 0
github.com/mchekalov/auth/pkg/user_v1/user.pb.go:746.11,747.20 1 0
github.com/mchekalov/auth/pkg/user_v1/user.pb.go:748.11,749.24 1 0
github.com/mchekalov/auth/pkg/user_v1/user.pb.go:750.11,751.28 1 0
github.com/mchekalov/auth/pkg/user_v1/user.pb.go:752.12,753.15 1 0
github.com/mchekalov/auth/pkg/user_v1/user.pb.go:756.3,756.81 1 0
github.com/mchekalov/auth/pkg/user_v1/user.pb.go:756.81,757.39 1 0
github.com/mchekalov/auth/pkg/user_v1/user.pb.go:758.11,759.20 1 0
github.com/mchekalov/auth/pkg/user_v1/user.pb.go:760.11,761.24 1 0
github.com/mchekalov/auth/pkg/user_v1/user.pb.go:762.11,763.28 1 0
github.com/mchekalov/auth/pkg/user_v1/user.pb.go:764.12,765.15 1 0
github.com/mchekalov/auth/pkg/user_v1/user.pb.go:768.3,768.81 1 0
github.com/mchekalov/auth/pkg/user_v1/user.pb.go:768.81,769.35 1 0
github.com/mchekalov/auth/pkg/user_v1/user.pb.go:770.11,771.20 1 0
github.com/mchekalov/auth/pkg/user_v1/user.pb.go:772.11,773.24 1 0
github.com/mchekalov/auth/pkg/user_v1/user.pb.go:774.11,775.28 1 0
github.com/mchekalov/auth/pkg/user_v1/user.pb.go:776.12,777.15 1 0
github.com/mchekalov/auth/pkg/user_v1/user.pb.go:780.3,780.81 1 0
github.com/mchekalov/auth/pkg/user_v1/user.pb.go:780.81,781.36 1 0
github.com/mchekalov/auth/pkg/user_v1/user.pb.go:782.11,783.20 1 0
github.com/mchekalov/auth/pkg/user_v1/user.pb.go:784.11,785.24 1 0
github.com/mchekalov/auth/pkg/user_v1/user.pb.go:786.11,787.28 1 0
github.com/mchekalov/auth/pkg/user_v1/user.pb.go:788.12,789.15 1 0
github.com/mchekalov/auth/pkg/user_v1/user.pb.go:792.3,792.81 1 0
github.com/mchekalov/auth/pkg/user_v1/user.pb.go:792.81,793.32 1 0
github.com/mchekalov/auth/pkg/user_v1/user.pb.go:794.11,795.20 1 0
github.com/mchekalov/auth/pkg/user_v1/user.pb.go:796.11,797.24 1 0
github.com/mchekalov/auth/pkg/user_v1/user.pb.go:798.11,799.28 1 0
github.com/mchekalov/auth/pkg/user_v1/user.pb.go:800.12,801.15 1 0
github.com/mchekalov/auth/pkg/user_v1/user.pb.go:804.3,804.81 1 0
github.com/mchekalov/auth/pkg/user_v1/user.pb.go:804.81,805.38 1 0
github.com/mchekalov/auth/pkg/user_v1/user.pb.go:806.11,807.20 1 0
github.com/mchekalov/auth/pkg/user_v1/user.pb.go:808.11,809.24 1 0
github.com/mchekalov/auth/pkg/user_v1/user.pb.go:810.11,811.28 1 0
github.com/mchekalov/auth/pkg/user_v1/user.pb.go:812.12,813.15 1 0
github.com/mchekalov/auth/pkg/user_v1/user.pb.go:816.3,816.81 1 0
github.com/mchekalov/auth/pkg/user_v1/user.pb.go:816.81,817.38 1 0
github.com/mchekalov/auth/pkg/user_v1/user.pb.go:818.11,819.20 1 0
github.com/mchekalov/auth/pkg/user_v1/user.pb.go:820.11,821.24 1 0
github.com/mchekalov/auth/pkg/user_v1/user.pb.go:822.11,823.28 1 0
github.com/mchekalov/auth/pkg/user_v1/user.pb.go:824.12,825.15 1 0
github.com/mchekalov/auth/pkg/user_v1/user.pb.go:829.2,847.31 6 0
github.com/mchekalov/auth/pkg/user_v1/user_grpc.pb.go:36.64,38.2 1 0
github.com/mchekalov/auth/pkg/user_v1/user_grpc.pb.go:40.121,43.16 3 0
github.com/mchekalov/auth/pkg/user_v1/user_grpc.pb.go:43.16,45.3 1 0
github.com/mchekalov/auth/pkg/user_v1/user_grpc.pb.go:46.2,46.17 1 0
github.com/mchekalov/auth/pkg/user_v1/user_grpc.pb.go:49.112,52.16 3 0
github.com/mchekalov/auth/pkg/user_v1/user_grpc.pb.go:52.16,54.3 1 0
github.com/mchekalov/auth/pkg/user_v1/user_grpc.pb.go:55.2,55.17 1 0
github.com/mchekalov/auth/pkg/user_v1/user_grpc.pb.go:58.120,61.16 3 0
github.com/mchekalov/auth/pkg/user_v1/user_grpc.pb.go:61.16,63.3 1 0
github.com/mchekalov/auth/pkg/user_v1/user_grpc.pb.go:64.2,64.17 1 0
github.com/mchekalov/auth/pkg/user_v1/user_grpc.pb.go:67.120,70.16 3 0
github.com/mchekalov/auth/pkg/user_v1/user_grpc.pb.go:70.16,72.3 1 0
github.com/mchekalov/auth/pkg/user_v1/user_grpc.pb.go:73.2,73.17 1 0
github.com/mchekalov/auth/pkg/user_v1/user_grpc.pb.go:91.99,93.2 1 0
github.com/mchekalov/auth/pkg/user_v1/user_grpc.pb.go:94.90,96.2 1 0
github.com/mchekalov/auth/pkg/user_v1/user_grpc.pb.go:97.98,99.2 1 0
github.com/mchekalov/auth/pkg/user_v1/user_grpc.pb.go:100.98,102.2 1 0
github.com/mchekalov/auth/pkg/user_v1/user_grpc.pb.go:103.72,103.73 0 0
github.com/mchekalov/auth/pkg/user_v1/user_grpc.pb.go:112.70,114.2 1 0
github.com/mchekalov/auth/pkg/user_v1/user_grpc.pb.go:116.158,118.32 2 0
github.com/mchekalov/auth/pkg/user_v1/user_grpc.pb.go:118.32,120.3 1 0
github.com/mchekalov/auth/pkg/user_v1/user_grpc.pb.go:121.2,121.24 1 0
github.com/mchekalov/auth/pkg/user_v1/user_grpc.pb.go:121.24,123.3 1 0
github.com/mchekalov/auth/pkg/user_v1/user_grpc.pb.go:124.2,128.77 2 0
github.com/mchekalov/auth/pkg/user_v1/user_grpc.pb.go:128.77,130.3 1 0
github.com/mchekalov/auth/pkg/user_v1/user_grpc.pb.go:131.2,131.44 1 0
github.com/mchekalov/auth/pkg/user_v1/user_grpc.pb.go:134.155,136.32 2 0
github.com/mchekalov/auth/pkg/user_v1/user_grpc.pb.go:136.32,138.3 1 0
github.com/mchekalov/auth/pkg/user_v1/user_grpc.pb.go:139.2,139.24 1 0
github.com/mchekalov/auth/pkg/user_v1/user_grpc.pb.go:139.24,141.3 1 0
github.com/mchekalov/auth/pkg/user_v1/user_grpc.pb.go:142.2,146.77 2 0
github.com/mchekalov/auth/pkg/user_v1/user_grpc.pb.go:146.77,148.3 1 0
github.com/mchekalov/auth/pkg/user_v1/user_grpc.pb.go:149.2,149.44 1 0
github.com/mchekalov/auth/pkg/user_v1/user_grpc.pb.go:152.158,154.32 2 0
github.com/mchekalov/auth/pkg/user_v1/user_grpc.pb.go:154.32,156.3 1 0
github.com/mchekalov/auth/pkg/user_v1/user_grpc.pb.go:157.2,157.24 1 0
github.com/mchekalov/auth/pkg/user_v1/user_grpc.pb.go:157.24,159.3 1 0
github.com/mchekalov/auth/pkg/user_v1/user_grpc.pb.go:160.2,164.77 2 0
github.com/mchekalov/auth/pkg/user_v1/user_grpc.pb.go:164.77,166.3 1 0
github.com/mchekalov/auth/pkg/user_v1/user_grpc.pb.go:167.2,167.44 1 0
github.com/mchekalov/auth/pkg/user_v1/user_grpc.pb.go:170.158,172.32 2 0
github.com/mchekalov/auth/pkg/user_v1/user_grpc.pb.go:172.32,174.3 1 0
github.com/mchekalov/auth/pkg/user_v1/user_grpc.pb.go:175.2,175.24 1 0
github.com/mchekalov/auth/pkg/user_v1/user_grpc.pb.go:175.24,177.3 1 0
github.com/mchekalov/auth/pkg/user_v1/user_grpc.pb.go:178.2,182.77 2 0
github.com/mchekalov/auth/pkg/user_v1/user_grpc.pb.go:182.77,184.3 1 0
github.com/mchekalov/auth/pkg/user_v1/user_grpc.pb.go:185.2,185.44 1 0
github.com/mchekalov/auth/internal/service/auth/service.go:16.79,18.2 1 40
github.com/mchekalov/auth/internal/service/auth/service.go:20.87,22.16 2 10
github.com/mchekalov/auth/internal/service/auth/service.go:22.16,24.3 1 5
github.com/mchekalov/auth/internal/service/auth/service.go:26.2,26.20 1 5
github.com/mchekalov/auth/internal/service/auth/service.go:29.84,31.16 2 10
github.com/mchekalov/auth/internal/service/auth/service.go:31.16,33.3 1 5
github.com/mchekalov/auth/internal/service/auth/service.go:35.2,35.20 1 5
github.com/mchekalov/auth/internal/service/auth/service.go:38.72,40.16 2 10
github.com/mchekalov/auth/internal/service/auth/service.go:40.16,42.3 1 5
github.com/mchekalov/auth/internal/service/auth/service.go:44.2,44.12 1 5
github.com/mchekalov/auth/internal/service/auth/service.go:48.68,50.16 2 10
github.com/mchekalov/auth/internal/service/auth/service.go:50.16,52.3 1 5
github.com/mchekalov/auth/internal/service/auth/service.go:54.2,54.12 1 5
